<?xml version="1.0" encoding="UTF-8"?>
<coverage generated="1506589360745" clover="3.2.0">
  <project timestamp="1506589360745" name="All files">
    <metrics statements="133" coveredstatements="101" conditionals="57" coveredconditionals="30" methods="64" coveredmethods="34" elements="254" coveredelements="165" complexity="0" loc="133" ncloc="133" packages="6" files="15" classes="15">
      <package name="src">
        <metrics statements="9" coveredstatements="9" conditionals="1" coveredconditionals="1" methods="4" coveredmethods="4"/>
        <file name="actions.js" path="/Volumes/Transcend/Code/learning-react-practice/src/actions.js">
          <metrics statements="8" coveredstatements="8" conditionals="1" coveredconditionals="1" methods="4" coveredmethods="4"/>
          <line num="4" count="3" type="stmt"/>
          <line num="5" count="1" type="stmt"/>
          <line num="14" count="3" type="stmt"/>
          <line num="15" count="2" type="stmt"/>
          <line num="20" count="3" type="stmt"/>
          <line num="21" count="2" type="stmt"/>
          <line num="27" count="3" type="cond" truecount="1" falsecount="0"/>
          <line num="28" count="3" type="stmt"/>
        </file>
        <file name="constants.js" path="/Volumes/Transcend/Code/learning-react-practice/src/constants.js">
          <metrics statements="1" coveredstatements="1" conditionals="0" coveredconditionals="0" methods="0" coveredmethods="0"/>
          <line num="1" count="6" type="stmt"/>
        </file>
      </package>
      <package name="src.components">
        <metrics statements="12" coveredstatements="7" conditionals="0" coveredconditionals="0" methods="5" coveredmethods="2"/>
        <file name="containers.js" path="/Volumes/Transcend/Code/learning-react-practice/src/components/containers.js">
          <metrics statements="12" coveredstatements="7" conditionals="0" coveredconditionals="0" methods="5" coveredmethods="2"/>
          <line num="14" count="1" type="stmt"/>
          <line num="17" count="0" type="stmt"/>
          <line num="19" count="0" type="stmt"/>
          <line num="24" count="1" type="stmt"/>
          <line num="26" count="0" type="stmt"/>
          <line num="30" count="0" type="stmt"/>
          <line num="32" count="0" type="stmt"/>
          <line num="37" count="1" type="stmt"/>
          <line num="39" count="2" type="stmt"/>
          <line num="43" count="1" type="stmt"/>
          <line num="45" count="1" type="stmt"/>
          <line num="48" count="1" type="stmt"/>
        </file>
      </package>
      <package name="src.components.HOC">
        <metrics statements="8" coveredstatements="8" conditionals="2" coveredconditionals="2" methods="4" coveredmethods="4"/>
        <file name="Expandable.js" path="/Volumes/Transcend/Code/learning-react-practice/src/components/HOC/Expandable.js">
          <metrics statements="8" coveredstatements="8" conditionals="2" coveredconditionals="2" methods="4" coveredmethods="4"/>
          <line num="3" count="2" type="stmt"/>
          <line num="6" count="2" type="stmt"/>
          <line num="7" count="2" type="cond" truecount="2" falsecount="0"/>
          <line num="10" count="2" type="stmt"/>
          <line num="11" count="2" type="stmt"/>
          <line num="15" count="1" type="stmt"/>
          <line num="16" count="1" type="stmt"/>
          <line num="20" count="3" type="stmt"/>
        </file>
      </package>
      <package name="src.components.ui">
        <metrics statements="40" coveredstatements="25" conditionals="14" coveredconditionals="7" methods="21" coveredmethods="9"/>
        <file name="AddColorForm.js" path="/Volumes/Transcend/Code/learning-react-practice/src/components/ui/AddColorForm.js">
          <metrics statements="11" coveredstatements="2" conditionals="0" coveredconditionals="0" methods="4" coveredmethods="0"/>
          <line num="5" count="1" type="stmt"/>
          <line num="9" count="0" type="stmt"/>
          <line num="10" count="0" type="stmt"/>
          <line num="11" count="0" type="stmt"/>
          <line num="12" count="0" type="stmt"/>
          <line num="13" count="0" type="stmt"/>
          <line num="14" count="0" type="stmt"/>
          <line num="17" count="0" type="stmt"/>
          <line num="19" count="0" type="stmt"/>
          <line num="22" count="0" type="stmt"/>
          <line num="30" count="1" type="stmt"/>
        </file>
        <file name="Color.js" path="/Volumes/Transcend/Code/learning-react-practice/src/components/ui/Color.js">
          <metrics statements="6" coveredstatements="6" conditionals="0" coveredconditionals="0" methods="1" coveredmethods="1"/>
          <line num="11" count="1" type="stmt"/>
          <line num="12" count="1" type="stmt"/>
          <line num="13" count="1" type="stmt"/>
          <line num="32" count="1" type="stmt"/>
          <line num="36" count="1" type="stmt"/>
          <line num="45" count="1" type="stmt"/>
        </file>
        <file name="ColorList.js" path="/Volumes/Transcend/Code/learning-react-practice/src/components/ui/ColorList.js">
          <metrics statements="6" coveredstatements="5" conditionals="5" coveredconditionals="2" methods="6" coveredmethods="3"/>
          <line num="5" count="1" type="cond" truecount="1" falsecount="2"/>
          <line num="6" count="1" type="stmt"/>
          <line num="10" count="3" type="stmt"/>
          <line num="12" count="1" type="stmt"/>
          <line num="13" count="0" type="stmt"/>
          <line num="19" count="1" type="stmt"/>
        </file>
        <file name="SortMenu.js" path="/Volumes/Transcend/Code/learning-react-practice/src/components/ui/SortMenu.js">
          <metrics statements="7" coveredstatements="3" conditionals="2" coveredconditionals="0" methods="3" coveredmethods="0"/>
          <line num="5" count="1" type="stmt"/>
          <line num="11" count="1" type="stmt"/>
          <line num="12" count="0" type="stmt"/>
          <line num="15" count="0" type="stmt"/>
          <line num="19" count="0" type="stmt"/>
          <line num="20" count="0" type="stmt"/>
          <line num="25" count="1" type="stmt"/>
        </file>
        <file name="Star.js" path="/Volumes/Transcend/Code/learning-react-practice/src/components/ui/Star.js">
          <metrics statements="3" coveredstatements="3" conditionals="4" coveredconditionals="4" methods="2" coveredmethods="1"/>
          <line num="4" count="3" type="cond" truecount="2" falsecount="0"/>
          <line num="5" count="10" type="cond" truecount="2" falsecount="0"/>
          <line num="9" count="3" type="stmt"/>
        </file>
        <file name="StarRating.js" path="/Volumes/Transcend/Code/learning-react-practice/src/components/ui/StarRating.js">
          <metrics statements="5" coveredstatements="5" conditionals="3" coveredconditionals="1" methods="4" coveredmethods="4"/>
          <line num="4" count="2" type="cond" truecount="1" falsecount="2"/>
          <line num="5" count="1" type="stmt"/>
          <line num="7" count="7" type="stmt"/>
          <line num="9" count="1" type="stmt"/>
          <line num="15" count="2" type="stmt"/>
        </file>
        <file name="TimeAgo.js" path="/Volumes/Transcend/Code/learning-react-practice/src/components/ui/TimeAgo.js">
          <metrics statements="2" coveredstatements="1" conditionals="0" coveredconditionals="0" methods="1" coveredmethods="0"/>
          <line num="3" count="1" type="stmt"/>
          <line num="4" count="0" type="stmt"/>
        </file>
      </package>
      <package name="src.lib">
        <metrics statements="34" coveredstatements="23" conditionals="20" coveredconditionals="3" methods="18" coveredmethods="3"/>
        <file name="array-helpers.js" path="/Volumes/Transcend/Code/learning-react-practice/src/lib/array-helpers.js">
          <metrics statements="7" coveredstatements="5" conditionals="9" coveredconditionals="3" methods="5" coveredmethods="3"/>
          <line num="1" count="1" type="stmt"/>
          <line num="2" count="2" type="cond" truecount="1" falsecount="2"/>
          <line num="4" count="6" type="stmt"/>
          <line num="6" count="0" type="cond" truecount="0" falsecount="2"/>
          <line num="8" count="0" type="stmt"/>
          <line num="12" count="1" type="stmt"/>
          <line num="13" count="2" type="cond" truecount="1" falsecount="1"/>
        </file>
        <file name="time-helpers.js" path="/Volumes/Transcend/Code/learning-react-practice/src/lib/time-helpers.js">
          <metrics statements="27" coveredstatements="18" conditionals="11" coveredconditionals="0" methods="13" coveredmethods="0"/>
          <line num="1" count="1" type="stmt"/>
          <line num="2" count="1" type="stmt"/>
          <line num="3" count="1" type="stmt"/>
          <line num="4" count="1" type="stmt"/>
          <line num="5" count="1" type="stmt"/>
          <line num="6" count="1" type="stmt"/>
          <line num="13" count="1" type="stmt"/>
          <line num="15" count="1" type="stmt"/>
          <line num="17" count="1" type="stmt"/>
          <line num="19" count="1" type="stmt"/>
          <line num="21" count="1" type="stmt"/>
          <line num="22" count="0" type="cond" truecount="0" falsecount="2"/>
          <line num="24" count="1" type="stmt"/>
          <line num="25" count="0" type="cond" truecount="0" falsecount="2"/>
          <line num="29" count="1" type="stmt"/>
          <line num="30" count="0" type="stmt"/>
          <line num="32" count="1" type="stmt"/>
          <line num="33" count="0" type="cond" truecount="0" falsecount="2"/>
          <line num="37" count="1" type="stmt"/>
          <line num="38" count="0" type="cond" truecount="0" falsecount="2"/>
          <line num="42" count="1" type="stmt"/>
          <line num="43" count="0" type="stmt"/>
          <line num="45" count="0" type="stmt"/>
          <line num="48" count="1" type="stmt"/>
          <line num="49" count="0" type="cond" truecount="0" falsecount="2"/>
          <line num="53" count="1" type="cond" truecount="0" falsecount="1"/>
          <line num="54" count="0" type="stmt"/>
        </file>
      </package>
      <package name="src.store">
        <metrics statements="30" coveredstatements="29" conditionals="20" coveredconditionals="17" methods="12" coveredmethods="12"/>
        <file name="index.js" path="/Volumes/Transcend/Code/learning-react-practice/src/store/index.js">
          <metrics statements="13" coveredstatements="13" conditionals="3" coveredconditionals="3" methods="7" coveredmethods="7"/>
          <line num="7" count="4" type="stmt"/>
          <line num="9" count="6" type="stmt"/>
          <line num="10" count="6" type="stmt"/>
          <line num="11" count="6" type="stmt"/>
          <line num="12" count="6" type="stmt"/>
          <line num="13" count="6" type="stmt"/>
          <line num="14" count="6" type="stmt"/>
          <line num="17" count="4" type="stmt"/>
          <line num="18" count="6" type="stmt"/>
          <line num="19" count="6" type="stmt"/>
          <line num="20" count="6" type="stmt"/>
          <line num="23" count="1" type="cond" truecount="1" falsecount="0"/>
          <line num="24" count="4" type="stmt"/>
        </file>
        <file name="reducers.js" path="/Volumes/Transcend/Code/learning-react-practice/src/store/reducers.js">
          <metrics statements="17" coveredstatements="16" conditionals="17" coveredconditionals="14" methods="5" coveredmethods="5"/>
          <line num="4" count="4" type="cond" truecount="0" falsecount="2"/>
          <line num="5" count="7" type="cond" truecount="2" falsecount="1"/>
          <line num="7" count="3" type="stmt"/>
          <line num="15" count="4" type="cond" truecount="2" falsecount="0"/>
          <line num="21" count="0" type="stmt"/>
          <line num="25" count="4" type="cond" truecount="2" falsecount="0"/>
          <line num="26" count="22" type="cond" truecount="4" falsecount="0"/>
          <line num="28" count="2" type="stmt"/>
          <line num="33" count="2" type="stmt"/>
          <line num="34" count="3" type="stmt"/>
          <line num="37" count="2" type="stmt"/>
          <line num="38" count="3" type="stmt"/>
          <line num="41" count="16" type="stmt"/>
          <line num="45" count="4" type="cond" truecount="2" falsecount="0"/>
          <line num="46" count="20" type="cond" truecount="2" falsecount="0"/>
          <line num="48" count="4" type="stmt"/>
          <line num="50" count="16" type="stmt"/>
        </file>
      </package>
    </metrics>
  </project>
</coverage>
