{"/Volumes/Transcend/Code/learning-react-practice/src/actions.js": {"path":"/Volumes/Transcend/Code/learning-react-practice/src/actions.js","statementMap":{"0":{"start":{"line":4,"column":24},"end":{"line":12,"column":6}},"1":{"start":{"line":5,"column":5},"end":{"line":12,"column":5}},"2":{"start":{"line":14,"column":27},"end":{"line":18,"column":6}},"3":{"start":{"line":15,"column":5},"end":{"line":18,"column":5}},"4":{"start":{"line":20,"column":25},"end":{"line":25,"column":6}},"5":{"start":{"line":21,"column":5},"end":{"line":25,"column":5}},"6":{"start":{"line":27,"column":26},"end":{"line":31,"column":6}},"7":{"start":{"line":28,"column":5},"end":{"line":31,"column":5}}},"fnMap":{"0":{"name":"(anonymous_0)","decl":{"start":{"line":4,"column":24},"end":{"line":4,"column":25}},"loc":{"start":{"line":5,"column":5},"end":{"line":12,"column":5}},"line":5},"1":{"name":"(anonymous_1)","decl":{"start":{"line":14,"column":27},"end":{"line":14,"column":28}},"loc":{"start":{"line":15,"column":5},"end":{"line":18,"column":5}},"line":15},"2":{"name":"(anonymous_2)","decl":{"start":{"line":20,"column":25},"end":{"line":20,"column":26}},"loc":{"start":{"line":21,"column":5},"end":{"line":25,"column":5}},"line":21},"3":{"name":"(anonymous_3)","decl":{"start":{"line":27,"column":26},"end":{"line":27,"column":27}},"loc":{"start":{"line":28,"column":5},"end":{"line":31,"column":5}},"line":28}},"branchMap":{"0":{"loc":{"start":{"line":27,"column":27},"end":{"line":27,"column":50}},"type":"default-arg","locations":[{"start":{"line":27,"column":34},"end":{"line":27,"column":50}}],"line":27}},"s":{"0":3,"1":1,"2":3,"3":2,"4":3,"5":2,"6":3,"7":3},"f":{"0":1,"1":2,"2":2,"3":3},"b":{"0":[1]},"_coverageSchema":"332fd63041d2c1bcb487cc26dd0d5f7d97098a6c","hash":"546919b5d1f89d743f3a1ada28c092ec781a7174"}
,"/Volumes/Transcend/Code/learning-react-practice/src/constants.js": {"path":"/Volumes/Transcend/Code/learning-react-practice/src/constants.js","statementMap":{"0":{"start":{"line":1,"column":18},"end":{"line":6,"column":1}}},"fnMap":{},"branchMap":{},"s":{"0":6},"f":{},"b":{},"_coverageSchema":"332fd63041d2c1bcb487cc26dd0d5f7d97098a6c","hash":"39928d11fff171786b4b100523fde524c270bbdb"}
,"/Volumes/Transcend/Code/learning-react-practice/src/components/containers.js": {"path":"/Volumes/Transcend/Code/learning-react-practice/src/components/containers.js","statementMap":{"0":{"start":{"line":14,"column":24},"end":{"line":22,"column":15}},"1":{"start":{"line":17,"column":9},"end":{"line":21,"column":9}},"2":{"start":{"line":19,"column":16},"end":{"line":19,"column":48}},"3":{"start":{"line":24,"column":20},"end":{"line":35,"column":11}},"4":{"start":{"line":26,"column":9},"end":{"line":28,"column":9}},"5":{"start":{"line":30,"column":9},"end":{"line":34,"column":9}},"6":{"start":{"line":32,"column":16},"end":{"line":32,"column":44}},"7":{"start":{"line":37,"column":22},"end":{"line":51,"column":12}},"8":{"start":{"line":39,"column":9},"end":{"line":41,"column":9}},"9":{"start":{"line":43,"column":9},"end":{"line":50,"column":9}},"10":{"start":{"line":45,"column":16},"end":{"line":45,"column":41}},"11":{"start":{"line":48,"column":16},"end":{"line":48,"column":47}}},"fnMap":{"0":{"name":"(anonymous_0)","decl":{"start":{"line":16,"column":4},"end":{"line":16,"column":5}},"loc":{"start":{"line":17,"column":9},"end":{"line":21,"column":9}},"line":17},"1":{"name":"(anonymous_1)","decl":{"start":{"line":25,"column":4},"end":{"line":25,"column":5}},"loc":{"start":{"line":26,"column":9},"end":{"line":28,"column":9}},"line":26},"2":{"name":"(anonymous_2)","decl":{"start":{"line":29,"column":4},"end":{"line":29,"column":5}},"loc":{"start":{"line":30,"column":9},"end":{"line":34,"column":9}},"line":30},"3":{"name":"(anonymous_3)","decl":{"start":{"line":38,"column":4},"end":{"line":38,"column":5}},"loc":{"start":{"line":39,"column":9},"end":{"line":41,"column":9}},"line":39},"4":{"name":"(anonymous_4)","decl":{"start":{"line":42,"column":4},"end":{"line":42,"column":5}},"loc":{"start":{"line":43,"column":9},"end":{"line":50,"column":9}},"line":43}},"branchMap":{},"s":{"0":1,"1":0,"2":0,"3":1,"4":0,"5":0,"6":0,"7":1,"8":2,"9":1,"10":1,"11":1},"f":{"0":0,"1":0,"2":0,"3":2,"4":1},"b":{},"_coverageSchema":"332fd63041d2c1bcb487cc26dd0d5f7d97098a6c","hash":"dbfbfe002c5199f90b8e73e7351c9403fd4261f4"}
,"/Volumes/Transcend/Code/learning-react-practice/src/components/HOC/Expandable.js": {"path":"/Volumes/Transcend/Code/learning-react-practice/src/components/HOC/Expandable.js","statementMap":{"0":{"start":{"line":3,"column":19},"end":{"line":22,"column":1}},"1":{"start":{"line":3,"column":40},"end":{"line":22,"column":1}},"2":{"start":{"line":6,"column":8},"end":{"line":6,"column":20}},"3":{"start":{"line":7,"column":24},"end":{"line":9,"column":16}},"4":{"start":{"line":10,"column":8},"end":{"line":10,"column":32}},"5":{"start":{"line":11,"column":8},"end":{"line":11,"column":60}},"6":{"start":{"line":15,"column":24},"end":{"line":15,"column":45}},"7":{"start":{"line":16,"column":8},"end":{"line":16,"column":34}},"8":{"start":{"line":20,"column":8},"end":{"line":20,"column":105}}},"fnMap":{"0":{"name":"(anonymous_0)","decl":{"start":{"line":3,"column":19},"end":{"line":3,"column":20}},"loc":{"start":{"line":3,"column":40},"end":{"line":22,"column":1}},"line":3},"1":{"name":"(anonymous_1)","decl":{"start":{"line":5,"column":4},"end":{"line":5,"column":5}},"loc":{"start":{"line":5,"column":23},"end":{"line":12,"column":5}},"line":5},"2":{"name":"(anonymous_2)","decl":{"start":{"line":14,"column":4},"end":{"line":14,"column":5}},"loc":{"start":{"line":14,"column":21},"end":{"line":17,"column":5}},"line":14},"3":{"name":"(anonymous_3)","decl":{"start":{"line":19,"column":4},"end":{"line":19,"column":5}},"loc":{"start":{"line":19,"column":13},"end":{"line":21,"column":5}},"line":19}},"branchMap":{"0":{"loc":{"start":{"line":7,"column":24},"end":{"line":9,"column":16}},"type":"cond-expr","locations":[{"start":{"line":8,"column":12},"end":{"line":8,"column":27}},{"start":{"line":9,"column":12},"end":{"line":9,"column":16}}],"line":7}},"s":{"0":1,"1":2,"2":2,"3":2,"4":2,"5":2,"6":1,"7":1,"8":3},"f":{"0":2,"1":2,"2":1,"3":3},"b":{"0":[1,1]},"_coverageSchema":"332fd63041d2c1bcb487cc26dd0d5f7d97098a6c","hash":"0b79193b2a4f7f678d8bd29790c48dd7875d4bf8"}
,"/Volumes/Transcend/Code/learning-react-practice/src/components/ui/AddColorForm.js": {"path":"/Volumes/Transcend/Code/learning-react-practice/src/components/ui/AddColorForm.js","statementMap":{"0":{"start":{"line":5,"column":21},"end":{"line":28,"column":1}},"1":{"start":{"line":9,"column":19},"end":{"line":15,"column":5}},"2":{"start":{"line":10,"column":8},"end":{"line":10,"column":26}},"3":{"start":{"line":11,"column":8},"end":{"line":11,"column":62}},"4":{"start":{"line":12,"column":8},"end":{"line":12,"column":25}},"5":{"start":{"line":13,"column":8},"end":{"line":13,"column":32}},"6":{"start":{"line":14,"column":8},"end":{"line":14,"column":22}},"7":{"start":{"line":17,"column":4},"end":{"line":26,"column":5}},"8":{"start":{"line":19,"column":33},"end":{"line":19,"column":47}},"9":{"start":{"line":22,"column":33},"end":{"line":22,"column":47}},"10":{"start":{"line":30,"column":0},"end":{"line":32,"column":1}}},"fnMap":{"0":{"name":"(anonymous_0)","decl":{"start":{"line":5,"column":21},"end":{"line":5,"column":22}},"loc":{"start":{"line":5,"column":43},"end":{"line":28,"column":1}},"line":5},"1":{"name":"(anonymous_1)","decl":{"start":{"line":9,"column":19},"end":{"line":9,"column":20}},"loc":{"start":{"line":9,"column":24},"end":{"line":15,"column":5}},"line":9},"2":{"name":"(anonymous_2)","decl":{"start":{"line":19,"column":24},"end":{"line":19,"column":25}},"loc":{"start":{"line":19,"column":33},"end":{"line":19,"column":47}},"line":19},"3":{"name":"(anonymous_3)","decl":{"start":{"line":22,"column":24},"end":{"line":22,"column":25}},"loc":{"start":{"line":22,"column":33},"end":{"line":22,"column":47}},"line":22}},"branchMap":{},"s":{"0":1,"1":0,"2":0,"3":0,"4":0,"5":0,"6":0,"7":0,"8":0,"9":0,"10":1},"f":{"0":0,"1":0,"2":0,"3":0},"b":{},"_coverageSchema":"332fd63041d2c1bcb487cc26dd0d5f7d97098a6c","hash":"32e15c6425c0e17431269ac33432a18eb6addece"}
,"/Volumes/Transcend/Code/learning-react-practice/src/components/ui/Color.js": {"path":"/Volumes/Transcend/Code/learning-react-practice/src/components/ui/Color.js","statementMap":{"0":{"start":{"line":11,"column":73},"end":{"line":11,"column":83}},"1":{"start":{"line":12,"column":26},"end":{"line":12,"column":38}},"2":{"start":{"line":13,"column":8},"end":{"line":28,"column":9}},"3":{"start":{"line":32,"column":0},"end":{"line":34,"column":1}},"4":{"start":{"line":36,"column":0},"end":{"line":43,"column":1}},"5":{"start":{"line":45,"column":0},"end":{"line":47,"column":1}}},"fnMap":{"0":{"name":"(anonymous_0)","decl":{"start":{"line":10,"column":4},"end":{"line":10,"column":5}},"loc":{"start":{"line":10,"column":13},"end":{"line":29,"column":5}},"line":10}},"branchMap":{},"s":{"0":1,"1":1,"2":1,"3":1,"4":1,"5":1},"f":{"0":1},"b":{},"_coverageSchema":"332fd63041d2c1bcb487cc26dd0d5f7d97098a6c","hash":"50786f34fc191dc0c2e3617bafb62cf8f51d2e07"}
,"/Volumes/Transcend/Code/learning-react-practice/src/components/ui/ColorList.js": {"path":"/Volumes/Transcend/Code/learning-react-practice/src/components/ui/ColorList.js","statementMap":{"0":{"start":{"line":5,"column":18},"end":{"line":17,"column":10}},"1":{"start":{"line":5,"column":42},"end":{"line":5,"column":43}},"2":{"start":{"line":5,"column":57},"end":{"line":5,"column":58}},"3":{"start":{"line":6,"column":4},"end":{"line":17,"column":10}},"4":{"start":{"line":10,"column":16},"end":{"line":14,"column":18}},"5":{"start":{"line":12,"column":40},"end":{"line":12,"column":64}},"6":{"start":{"line":13,"column":36},"end":{"line":13,"column":54}},"7":{"start":{"line":19,"column":0},"end":{"line":23,"column":1}}},"fnMap":{"0":{"name":"(anonymous_0)","decl":{"start":{"line":5,"column":18},"end":{"line":5,"column":19}},"loc":{"start":{"line":6,"column":4},"end":{"line":17,"column":10}},"line":6},"1":{"name":"(anonymous_1)","decl":{"start":{"line":5,"column":39},"end":{"line":5,"column":40}},"loc":{"start":{"line":5,"column":42},"end":{"line":5,"column":43}},"line":5},"2":{"name":"(anonymous_2)","decl":{"start":{"line":5,"column":54},"end":{"line":5,"column":55}},"loc":{"start":{"line":5,"column":57},"end":{"line":5,"column":58}},"line":5},"3":{"name":"(anonymous_3)","decl":{"start":{"line":9,"column":23},"end":{"line":9,"column":24}},"loc":{"start":{"line":10,"column":16},"end":{"line":14,"column":18}},"line":10},"4":{"name":"(anonymous_4)","decl":{"start":{"line":12,"column":28},"end":{"line":12,"column":29}},"loc":{"start":{"line":12,"column":40},"end":{"line":12,"column":64}},"line":12},"5":{"name":"(anonymous_5)","decl":{"start":{"line":13,"column":30},"end":{"line":13,"column":31}},"loc":{"start":{"line":13,"column":36},"end":{"line":13,"column":54}},"line":13}},"branchMap":{"0":{"loc":{"start":{"line":5,"column":21},"end":{"line":5,"column":30}},"type":"default-arg","locations":[{"start":{"line":5,"column":28},"end":{"line":5,"column":30}}],"line":5},"1":{"loc":{"start":{"line":5,"column":32},"end":{"line":5,"column":43}},"type":"default-arg","locations":[{"start":{"line":5,"column":39},"end":{"line":5,"column":43}}],"line":5},"2":{"loc":{"start":{"line":5,"column":45},"end":{"line":5,"column":58}},"type":"default-arg","locations":[{"start":{"line":5,"column":54},"end":{"line":5,"column":58}}],"line":5},"3":{"loc":{"start":{"line":7,"column":9},"end":{"line":15,"column":13}},"type":"cond-expr","locations":[{"start":{"line":8,"column":12},"end":{"line":8,"column":50}},{"start":{"line":9,"column":12},"end":{"line":15,"column":13}}],"line":7}},"s":{"0":1,"1":0,"2":0,"3":1,"4":3,"5":1,"6":0,"7":1},"f":{"0":1,"1":0,"2":0,"3":3,"4":1,"5":0},"b":{"0":[0],"1":[0],"2":[1],"3":[0,1]},"_coverageSchema":"332fd63041d2c1bcb487cc26dd0d5f7d97098a6c","hash":"8c098da7fddd40aebd4100ca94fed997f7b96767"}
,"/Volumes/Transcend/Code/learning-react-practice/src/components/ui/SortMenu.js": {"path":"/Volumes/Transcend/Code/learning-react-practice/src/components/ui/SortMenu.js","statementMap":{"0":{"start":{"line":5,"column":16},"end":{"line":9,"column":1}},"1":{"start":{"line":11,"column":17},"end":{"line":23,"column":10}},"2":{"start":{"line":12,"column":4},"end":{"line":23,"column":10}},"3":{"start":{"line":15,"column":12},"end":{"line":21,"column":28}},"4":{"start":{"line":19,"column":19},"end":{"line":19,"column":37}},"5":{"start":{"line":20,"column":19},"end":{"line":20,"column":62}},"6":{"start":{"line":25,"column":0},"end":{"line":27,"column":1}}},"fnMap":{"0":{"name":"(anonymous_0)","decl":{"start":{"line":11,"column":17},"end":{"line":11,"column":18}},"loc":{"start":{"line":12,"column":4},"end":{"line":23,"column":10}},"line":12},"1":{"name":"(anonymous_1)","decl":{"start":{"line":14,"column":34},"end":{"line":14,"column":35}},"loc":{"start":{"line":15,"column":12},"end":{"line":21,"column":28}},"line":15},"2":{"name":"(anonymous_2)","decl":{"start":{"line":18,"column":24},"end":{"line":18,"column":25}},"loc":{"start":{"line":18,"column":29},"end":{"line":21,"column":16}},"line":18}},"branchMap":{"0":{"loc":{"start":{"line":17,"column":26},"end":{"line":17,"column":87}},"type":"cond-expr","locations":[{"start":{"line":17,"column":70},"end":{"line":17,"column":80}},{"start":{"line":17,"column":83},"end":{"line":17,"column":87}}],"line":17}},"s":{"0":1,"1":1,"2":0,"3":0,"4":0,"5":0,"6":1},"f":{"0":0,"1":0,"2":0},"b":{"0":[0,0]},"_coverageSchema":"332fd63041d2c1bcb487cc26dd0d5f7d97098a6c","hash":"fba5c394b7a9e8ec6adf4fcd3a55bec98c4652a5"}
,"/Volumes/Transcend/Code/learning-react-practice/src/components/ui/Star.js": {"path":"/Volumes/Transcend/Code/learning-react-practice/src/components/ui/Star.js","statementMap":{"0":{"start":{"line":4,"column":13},"end":{"line":7,"column":10}},"1":{"start":{"line":4,"column":43},"end":{"line":4,"column":44}},"2":{"start":{"line":5,"column":4},"end":{"line":7,"column":10}},"3":{"start":{"line":9,"column":0},"end":{"line":12,"column":1}}},"fnMap":{"0":{"name":"(anonymous_0)","decl":{"start":{"line":4,"column":13},"end":{"line":4,"column":14}},"loc":{"start":{"line":5,"column":4},"end":{"line":7,"column":10}},"line":5},"1":{"name":"(anonymous_1)","decl":{"start":{"line":4,"column":40},"end":{"line":4,"column":41}},"loc":{"start":{"line":4,"column":43},"end":{"line":4,"column":44}},"line":4}},"branchMap":{"0":{"loc":{"start":{"line":4,"column":16},"end":{"line":4,"column":30}},"type":"default-arg","locations":[{"start":{"line":4,"column":25},"end":{"line":4,"column":30}}],"line":4},"1":{"loc":{"start":{"line":4,"column":32},"end":{"line":4,"column":44}},"type":"default-arg","locations":[{"start":{"line":4,"column":40},"end":{"line":4,"column":44}}],"line":4},"2":{"loc":{"start":{"line":5,"column":20},"end":{"line":5,"column":57}},"type":"cond-expr","locations":[{"start":{"line":5,"column":33},"end":{"line":5,"column":48}},{"start":{"line":5,"column":51},"end":{"line":5,"column":57}}],"line":5}},"s":{"0":3,"1":0,"2":10,"3":3},"f":{"0":10,"1":0},"b":{"0":[2],"1":[2],"2":[5,5]},"_coverageSchema":"332fd63041d2c1bcb487cc26dd0d5f7d97098a6c","hash":"3f0a5e68e15249e78b60e2dc3380ce05e336109c"}
,"/Volumes/Transcend/Code/learning-react-practice/src/components/ui/StarRating.js": {"path":"/Volumes/Transcend/Code/learning-react-practice/src/components/ui/StarRating.js","statementMap":{"0":{"start":{"line":4,"column":19},"end":{"line":13,"column":10}},"1":{"start":{"line":4,"column":63},"end":{"line":4,"column":64}},"2":{"start":{"line":5,"column":4},"end":{"line":13,"column":10}},"3":{"start":{"line":7,"column":12},"end":{"line":10,"column":14}},"4":{"start":{"line":9,"column":33},"end":{"line":9,"column":44}},"5":{"start":{"line":15,"column":0},"end":{"line":19,"column":1}}},"fnMap":{"0":{"name":"(anonymous_0)","decl":{"start":{"line":4,"column":19},"end":{"line":4,"column":20}},"loc":{"start":{"line":5,"column":4},"end":{"line":13,"column":10}},"line":5},"1":{"name":"(anonymous_1)","decl":{"start":{"line":4,"column":60},"end":{"line":4,"column":61}},"loc":{"start":{"line":4,"column":63},"end":{"line":4,"column":64}},"line":4},"2":{"name":"(anonymous_2)","decl":{"start":{"line":6,"column":36},"end":{"line":6,"column":37}},"loc":{"start":{"line":7,"column":12},"end":{"line":10,"column":14}},"line":7},"3":{"name":"(anonymous_3)","decl":{"start":{"line":9,"column":27},"end":{"line":9,"column":28}},"loc":{"start":{"line":9,"column":33},"end":{"line":9,"column":44}},"line":9}},"branchMap":{"0":{"loc":{"start":{"line":4,"column":22},"end":{"line":4,"column":37}},"type":"default-arg","locations":[{"start":{"line":4,"column":36},"end":{"line":4,"column":37}}],"line":4},"1":{"loc":{"start":{"line":4,"column":39},"end":{"line":4,"column":51}},"type":"default-arg","locations":[{"start":{"line":4,"column":50},"end":{"line":4,"column":51}}],"line":4},"2":{"loc":{"start":{"line":4,"column":53},"end":{"line":4,"column":64}},"type":"default-arg","locations":[{"start":{"line":4,"column":60},"end":{"line":4,"column":64}}],"line":4}},"s":{"0":2,"1":1,"2":1,"3":7,"4":1,"5":2},"f":{"0":1,"1":1,"2":7,"3":1},"b":{"0":[0],"1":[0],"2":[1]},"_coverageSchema":"332fd63041d2c1bcb487cc26dd0d5f7d97098a6c","hash":"295447044b521e21d8aa7b340e08e813011a8656"}
,"/Volumes/Transcend/Code/learning-react-practice/src/components/ui/TimeAgo.js": {"path":"/Volumes/Transcend/Code/learning-react-practice/src/components/ui/TimeAgo.js","statementMap":{"0":{"start":{"line":3,"column":16},"end":{"line":7,"column":1}},"1":{"start":{"line":4,"column":4},"end":{"line":6,"column":10}}},"fnMap":{"0":{"name":"(anonymous_0)","decl":{"start":{"line":3,"column":16},"end":{"line":3,"column":17}},"loc":{"start":{"line":3,"column":35},"end":{"line":7,"column":1}},"line":3}},"branchMap":{},"s":{"0":1,"1":0},"f":{"0":0},"b":{},"_coverageSchema":"332fd63041d2c1bcb487cc26dd0d5f7d97098a6c","hash":"1975a2dd0743094e560f83d6f500f8574042b697"}
,"/Volumes/Transcend/Code/learning-react-practice/src/lib/array-helpers.js": {"path":"/Volumes/Transcend/Code/learning-react-practice/src/lib/array-helpers.js","statementMap":{"0":{"start":{"line":1,"column":15},"end":{"line":10,"column":1}},"1":{"start":{"line":2,"column":4},"end":{"line":9,"column":5}},"2":{"start":{"line":4,"column":12},"end":{"line":4,"column":69}},"3":{"start":{"line":4,"column":29},"end":{"line":4,"column":68}},"4":{"start":{"line":6,"column":12},"end":{"line":6,"column":60}},"5":{"start":{"line":6,"column":29},"end":{"line":6,"column":59}},"6":{"start":{"line":8,"column":12},"end":{"line":8,"column":49}},"7":{"start":{"line":8,"column":29},"end":{"line":8,"column":48}},"8":{"start":{"line":12,"column":28},"end":{"line":17,"column":39}},"9":{"start":{"line":13,"column":4},"end":{"line":17,"column":39}}},"fnMap":{"0":{"name":"(anonymous_0)","decl":{"start":{"line":1,"column":15},"end":{"line":1,"column":16}},"loc":{"start":{"line":1,"column":32},"end":{"line":10,"column":1}},"line":1},"1":{"name":"(anonymous_1)","decl":{"start":{"line":4,"column":19},"end":{"line":4,"column":20}},"loc":{"start":{"line":4,"column":29},"end":{"line":4,"column":68}},"line":4},"2":{"name":"(anonymous_2)","decl":{"start":{"line":6,"column":19},"end":{"line":6,"column":20}},"loc":{"start":{"line":6,"column":29},"end":{"line":6,"column":59}},"line":6},"3":{"name":"(anonymous_3)","decl":{"start":{"line":8,"column":19},"end":{"line":8,"column":20}},"loc":{"start":{"line":8,"column":29},"end":{"line":8,"column":48}},"line":8},"4":{"name":"(anonymous_4)","decl":{"start":{"line":12,"column":28},"end":{"line":12,"column":29}},"loc":{"start":{"line":13,"column":4},"end":{"line":17,"column":39}},"line":13}},"branchMap":{"0":{"loc":{"start":{"line":2,"column":4},"end":{"line":9,"column":5}},"type":"switch","locations":[{"start":{"line":3,"column":8},"end":{"line":4,"column":69}},{"start":{"line":5,"column":8},"end":{"line":6,"column":60}},{"start":{"line":7,"column":8},"end":{"line":8,"column":49}}],"line":2},"1":{"loc":{"start":{"line":6,"column":29},"end":{"line":6,"column":59}},"type":"cond-expr","locations":[{"start":{"line":6,"column":53},"end":{"line":6,"column":55}},{"start":{"line":6,"column":58},"end":{"line":6,"column":59}}],"line":6},"2":{"loc":{"start":{"line":13,"column":4},"end":{"line":17,"column":39}},"type":"cond-expr","locations":[{"start":{"line":14,"column":8},"end":{"line":14,"column":33}},{"start":{"line":15,"column":8},"end":{"line":17,"column":39}}],"line":13},"3":{"loc":{"start":{"line":15,"column":8},"end":{"line":17,"column":39}},"type":"cond-expr","locations":[{"start":{"line":16,"column":12},"end":{"line":16,"column":38}},{"start":{"line":17,"column":12},"end":{"line":17,"column":39}}],"line":15}},"s":{"0":1,"1":2,"2":2,"3":6,"4":0,"5":0,"6":0,"7":0,"8":1,"9":2},"f":{"0":2,"1":6,"2":0,"3":0,"4":2},"b":{"0":[2,0,0],"1":[0,0],"2":[0,2],"3":[0,2]},"_coverageSchema":"332fd63041d2c1bcb487cc26dd0d5f7d97098a6c","hash":"5001ab74145bacc847307848c1d3a7f360413de9"}
,"/Volumes/Transcend/Code/learning-react-practice/src/lib/time-helpers.js": {"path":"/Volumes/Transcend/Code/learning-react-practice/src/lib/time-helpers.js","statementMap":{"0":{"start":{"line":1,"column":15},"end":{"line":1,"column":19}},"1":{"start":{"line":2,"column":9},"end":{"line":2,"column":20}},"2":{"start":{"line":3,"column":7},"end":{"line":3,"column":18}},"3":{"start":{"line":4,"column":6},"end":{"line":4,"column":15}},"4":{"start":{"line":5,"column":12},"end":{"line":5,"column":39}},"5":{"start":{"line":6,"column":14},"end":{"line":11,"column":1}},"6":{"start":{"line":13,"column":15},"end":{"line":13,"column":59}},"7":{"start":{"line":13,"column":34},"end":{"line":13,"column":59}},"8":{"start":{"line":15,"column":16},"end":{"line":15,"column":67}},"9":{"start":{"line":15,"column":36},"end":{"line":15,"column":67}},"10":{"start":{"line":17,"column":20},"end":{"line":17,"column":70}},"11":{"start":{"line":17,"column":47},"end":{"line":17,"column":70}},"12":{"start":{"line":19,"column":26},"end":{"line":19,"column":73}},"13":{"start":{"line":19,"column":47},"end":{"line":19,"column":73}},"14":{"start":{"line":21,"column":20},"end":{"line":22,"column":56}},"15":{"start":{"line":22,"column":0},"end":{"line":22,"column":56}},"16":{"start":{"line":24,"column":18},"end":{"line":27,"column":8}},"17":{"start":{"line":25,"column":0},"end":{"line":27,"column":8}},"18":{"start":{"line":29,"column":22},"end":{"line":30,"column":76}},"19":{"start":{"line":30,"column":0},"end":{"line":30,"column":76}},"20":{"start":{"line":32,"column":24},"end":{"line":35,"column":19}},"21":{"start":{"line":33,"column":0},"end":{"line":35,"column":19}},"22":{"start":{"line":37,"column":19},"end":{"line":40,"column":14}},"23":{"start":{"line":38,"column":0},"end":{"line":40,"column":14}},"24":{"start":{"line":42,"column":18},"end":{"line":46,"column":1}},"25":{"start":{"line":43,"column":0},"end":{"line":46,"column":1}},"26":{"start":{"line":45,"column":10},"end":{"line":45,"column":53}},"27":{"start":{"line":48,"column":19},"end":{"line":51,"column":60}},"28":{"start":{"line":49,"column":0},"end":{"line":51,"column":60}},"29":{"start":{"line":53,"column":19},"end":{"line":54,"column":61}},"30":{"start":{"line":54,"column":0},"end":{"line":54,"column":61}}},"fnMap":{"0":{"name":"(anonymous_0)","decl":{"start":{"line":13,"column":15},"end":{"line":13,"column":16}},"loc":{"start":{"line":13,"column":34},"end":{"line":13,"column":59}},"line":13},"1":{"name":"(anonymous_1)","decl":{"start":{"line":15,"column":16},"end":{"line":15,"column":17}},"loc":{"start":{"line":15,"column":36},"end":{"line":15,"column":67}},"line":15},"2":{"name":"(anonymous_2)","decl":{"start":{"line":17,"column":20},"end":{"line":17,"column":21}},"loc":{"start":{"line":17,"column":47},"end":{"line":17,"column":70}},"line":17},"3":{"name":"(anonymous_3)","decl":{"start":{"line":19,"column":26},"end":{"line":19,"column":27}},"loc":{"start":{"line":19,"column":47},"end":{"line":19,"column":73}},"line":19},"4":{"name":"(anonymous_4)","decl":{"start":{"line":21,"column":20},"end":{"line":21,"column":21}},"loc":{"start":{"line":22,"column":0},"end":{"line":22,"column":56}},"line":22},"5":{"name":"(anonymous_5)","decl":{"start":{"line":24,"column":18},"end":{"line":24,"column":19}},"loc":{"start":{"line":25,"column":0},"end":{"line":27,"column":8}},"line":25},"6":{"name":"(anonymous_6)","decl":{"start":{"line":29,"column":22},"end":{"line":29,"column":23}},"loc":{"start":{"line":30,"column":0},"end":{"line":30,"column":76}},"line":30},"7":{"name":"(anonymous_7)","decl":{"start":{"line":32,"column":24},"end":{"line":32,"column":25}},"loc":{"start":{"line":33,"column":0},"end":{"line":35,"column":19}},"line":33},"8":{"name":"(anonymous_8)","decl":{"start":{"line":37,"column":19},"end":{"line":37,"column":20}},"loc":{"start":{"line":38,"column":0},"end":{"line":40,"column":14}},"line":38},"9":{"name":"(anonymous_9)","decl":{"start":{"line":42,"column":18},"end":{"line":42,"column":19}},"loc":{"start":{"line":43,"column":0},"end":{"line":46,"column":1}},"line":43},"10":{"name":"(anonymous_10)","decl":{"start":{"line":45,"column":4},"end":{"line":45,"column":5}},"loc":{"start":{"line":45,"column":10},"end":{"line":45,"column":53}},"line":45},"11":{"name":"(anonymous_11)","decl":{"start":{"line":48,"column":19},"end":{"line":48,"column":20}},"loc":{"start":{"line":49,"column":0},"end":{"line":51,"column":60}},"line":49},"12":{"name":"(anonymous_12)","decl":{"start":{"line":53,"column":19},"end":{"line":53,"column":20}},"loc":{"start":{"line":54,"column":0},"end":{"line":54,"column":61}},"line":54}},"branchMap":{"0":{"loc":{"start":{"line":22,"column":30},"end":{"line":22,"column":53}},"type":"cond-expr","locations":[{"start":{"line":22,"column":45},"end":{"line":22,"column":48}},{"start":{"line":22,"column":51},"end":{"line":22,"column":53}}],"line":22},"1":{"loc":{"start":{"line":25,"column":0},"end":{"line":27,"column":8}},"type":"cond-expr","locations":[{"start":{"line":26,"column":4},"end":{"line":26,"column":80}},{"start":{"line":27,"column":4},"end":{"line":27,"column":8}}],"line":25},"2":{"loc":{"start":{"line":33,"column":0},"end":{"line":35,"column":19}},"type":"cond-expr","locations":[{"start":{"line":34,"column":4},"end":{"line":34,"column":24}},{"start":{"line":35,"column":0},"end":{"line":35,"column":19}}],"line":33},"3":{"loc":{"start":{"line":38,"column":0},"end":{"line":40,"column":14}},"type":"cond-expr","locations":[{"start":{"line":39,"column":4},"end":{"line":39,"column":27}},{"start":{"line":40,"column":4},"end":{"line":40,"column":14}}],"line":38},"4":{"loc":{"start":{"line":49,"column":0},"end":{"line":51,"column":60}},"type":"cond-expr","locations":[{"start":{"line":50,"column":4},"end":{"line":50,"column":36}},{"start":{"line":51,"column":4},"end":{"line":51,"column":60}}],"line":49},"5":{"loc":{"start":{"line":53,"column":31},"end":{"line":53,"column":58}},"type":"default-arg","locations":[{"start":{"line":53,"column":37},"end":{"line":53,"column":58}}],"line":53}},"s":{"0":1,"1":1,"2":1,"3":1,"4":1,"5":1,"6":1,"7":0,"8":1,"9":0,"10":1,"11":0,"12":1,"13":0,"14":1,"15":0,"16":1,"17":0,"18":1,"19":0,"20":1,"21":0,"22":1,"23":0,"24":1,"25":0,"26":0,"27":1,"28":0,"29":1,"30":0},"f":{"0":0,"1":0,"2":0,"3":0,"4":0,"5":0,"6":0,"7":0,"8":0,"9":0,"10":0,"11":0,"12":0},"b":{"0":[0,0],"1":[0,0],"2":[0,0],"3":[0,0],"4":[0,0],"5":[0]},"_coverageSchema":"332fd63041d2c1bcb487cc26dd0d5f7d97098a6c","hash":"70239f07903b4e43516eabf15045012aaca84c2e"}
,"/Volumes/Transcend/Code/learning-react-practice/src/store/index.js": {"path":"/Volumes/Transcend/Code/learning-react-practice/src/store/index.js","statementMap":{"0":{"start":{"line":7,"column":15},"end":{"line":15,"column":1}},"1":{"start":{"line":7,"column":24},"end":{"line":15,"column":1}},"2":{"start":{"line":7,"column":32},"end":{"line":15,"column":1}},"3":{"start":{"line":9,"column":4},"end":{"line":9,"column":54}},"4":{"start":{"line":10,"column":4},"end":{"line":10,"column":47}},"5":{"start":{"line":11,"column":4},"end":{"line":11,"column":33}},"6":{"start":{"line":12,"column":4},"end":{"line":12,"column":25}},"7":{"start":{"line":13,"column":4},"end":{"line":13,"column":47}},"8":{"start":{"line":14,"column":4},"end":{"line":14,"column":22}},"9":{"start":{"line":17,"column":14},"end":{"line":21,"column":1}},"10":{"start":{"line":17,"column":23},"end":{"line":21,"column":1}},"11":{"start":{"line":17,"column":31},"end":{"line":21,"column":1}},"12":{"start":{"line":18,"column":17},"end":{"line":18,"column":29}},"13":{"start":{"line":19,"column":4},"end":{"line":19,"column":66}},"14":{"start":{"line":20,"column":4},"end":{"line":20,"column":17}},"15":{"start":{"line":23,"column":21},"end":{"line":29,"column":5}},"16":{"start":{"line":24,"column":4},"end":{"line":29,"column":5}}},"fnMap":{"0":{"name":"(anonymous_0)","decl":{"start":{"line":7,"column":15},"end":{"line":7,"column":16}},"loc":{"start":{"line":7,"column":24},"end":{"line":15,"column":1}},"line":7},"1":{"name":"(anonymous_1)","decl":{"start":{"line":7,"column":24},"end":{"line":7,"column":25}},"loc":{"start":{"line":7,"column":32},"end":{"line":15,"column":1}},"line":7},"2":{"name":"(anonymous_2)","decl":{"start":{"line":7,"column":32},"end":{"line":7,"column":33}},"loc":{"start":{"line":7,"column":42},"end":{"line":15,"column":1}},"line":7},"3":{"name":"(anonymous_3)","decl":{"start":{"line":17,"column":14},"end":{"line":17,"column":15}},"loc":{"start":{"line":17,"column":23},"end":{"line":21,"column":1}},"line":17},"4":{"name":"(anonymous_4)","decl":{"start":{"line":17,"column":23},"end":{"line":17,"column":24}},"loc":{"start":{"line":17,"column":31},"end":{"line":21,"column":1}},"line":17},"5":{"name":"(anonymous_5)","decl":{"start":{"line":17,"column":31},"end":{"line":17,"column":32}},"loc":{"start":{"line":17,"column":41},"end":{"line":21,"column":1}},"line":17},"6":{"name":"(anonymous_6)","decl":{"start":{"line":23,"column":21},"end":{"line":23,"column":22}},"loc":{"start":{"line":24,"column":4},"end":{"line":29,"column":5}},"line":24}},"branchMap":{"0":{"loc":{"start":{"line":23,"column":22},"end":{"line":23,"column":44}},"type":"default-arg","locations":[{"start":{"line":23,"column":35},"end":{"line":23,"column":44}}],"line":23},"1":{"loc":{"start":{"line":26,"column":8},"end":{"line":28,"column":24}},"type":"cond-expr","locations":[{"start":{"line":27,"column":12},"end":{"line":27,"column":51}},{"start":{"line":28,"column":12},"end":{"line":28,"column":24}}],"line":26}},"s":{"0":1,"1":4,"2":4,"3":6,"4":6,"5":6,"6":6,"7":6,"8":6,"9":1,"10":4,"11":4,"12":6,"13":6,"14":6,"15":1,"16":4},"f":{"0":4,"1":4,"2":6,"3":4,"4":4,"5":6,"6":4},"b":{"0":[1],"1":[2,2]},"_coverageSchema":"332fd63041d2c1bcb487cc26dd0d5f7d97098a6c","hash":"d2841cacf9ea6ba36a97b8e679840f97f2203756"}
,"/Volumes/Transcend/Code/learning-react-practice/src/store/reducers.js": {"path":"/Volumes/Transcend/Code/learning-react-practice/src/store/reducers.js","statementMap":{"0":{"start":{"line":4,"column":21},"end":{"line":23,"column":1}},"1":{"start":{"line":5,"column":4},"end":{"line":22,"column":5}},"2":{"start":{"line":7,"column":12},"end":{"line":13,"column":13}},"3":{"start":{"line":15,"column":12},"end":{"line":19,"column":17}},"4":{"start":{"line":21,"column":12},"end":{"line":21,"column":24}},"5":{"start":{"line":25,"column":22},"end":{"line":43,"column":1}},"6":{"start":{"line":26,"column":4},"end":{"line":42,"column":5}},"7":{"start":{"line":28,"column":12},"end":{"line":31,"column":13}},"8":{"start":{"line":33,"column":12},"end":{"line":35,"column":13}},"9":{"start":{"line":34,"column":21},"end":{"line":34,"column":37}},"10":{"start":{"line":37,"column":12},"end":{"line":39,"column":13}},"11":{"start":{"line":38,"column":21},"end":{"line":38,"column":39}},"12":{"start":{"line":41,"column":12},"end":{"line":41,"column":24}},"13":{"start":{"line":45,"column":20},"end":{"line":52,"column":1}},"14":{"start":{"line":46,"column":4},"end":{"line":51,"column":5}},"15":{"start":{"line":48,"column":12},"end":{"line":48,"column":32}},"16":{"start":{"line":50,"column":12},"end":{"line":50,"column":24}}},"fnMap":{"0":{"name":"(anonymous_0)","decl":{"start":{"line":4,"column":21},"end":{"line":4,"column":22}},"loc":{"start":{"line":4,"column":58},"end":{"line":23,"column":1}},"line":4},"1":{"name":"(anonymous_1)","decl":{"start":{"line":25,"column":22},"end":{"line":25,"column":23}},"loc":{"start":{"line":25,"column":57},"end":{"line":43,"column":1}},"line":25},"2":{"name":"(anonymous_2)","decl":{"start":{"line":34,"column":16},"end":{"line":34,"column":17}},"loc":{"start":{"line":34,"column":21},"end":{"line":34,"column":37}},"line":34},"3":{"name":"(anonymous_3)","decl":{"start":{"line":38,"column":16},"end":{"line":38,"column":17}},"loc":{"start":{"line":38,"column":21},"end":{"line":38,"column":39}},"line":38},"4":{"name":"(anonymous_4)","decl":{"start":{"line":45,"column":20},"end":{"line":45,"column":21}},"loc":{"start":{"line":45,"column":69},"end":{"line":52,"column":1}},"line":45}},"branchMap":{"0":{"loc":{"start":{"line":4,"column":22},"end":{"line":4,"column":32}},"type":"default-arg","locations":[{"start":{"line":4,"column":30},"end":{"line":4,"column":32}}],"line":4},"1":{"loc":{"start":{"line":4,"column":34},"end":{"line":4,"column":53}},"type":"default-arg","locations":[{"start":{"line":4,"column":41},"end":{"line":4,"column":53}}],"line":4},"2":{"loc":{"start":{"line":5,"column":4},"end":{"line":22,"column":5}},"type":"switch","locations":[{"start":{"line":6,"column":8},"end":{"line":13,"column":13}},{"start":{"line":14,"column":8},"end":{"line":19,"column":17}},{"start":{"line":20,"column":8},"end":{"line":21,"column":24}}],"line":5},"3":{"loc":{"start":{"line":15,"column":19},"end":{"line":19,"column":17}},"type":"cond-expr","locations":[{"start":{"line":15,"column":46},"end":{"line":15,"column":51}},{"start":{"line":16,"column":16},"end":{"line":19,"column":17}}],"line":15},"4":{"loc":{"start":{"line":25,"column":23},"end":{"line":25,"column":31}},"type":"default-arg","locations":[{"start":{"line":25,"column":29},"end":{"line":25,"column":31}}],"line":25},"5":{"loc":{"start":{"line":25,"column":33},"end":{"line":25,"column":52}},"type":"default-arg","locations":[{"start":{"line":25,"column":40},"end":{"line":25,"column":52}}],"line":25},"6":{"loc":{"start":{"line":26,"column":4},"end":{"line":42,"column":5}},"type":"switch","locations":[{"start":{"line":27,"column":8},"end":{"line":31,"column":13}},{"start":{"line":32,"column":8},"end":{"line":35,"column":13}},{"start":{"line":36,"column":8},"end":{"line":39,"column":13}},{"start":{"line":40,"column":8},"end":{"line":41,"column":24}}],"line":26},"7":{"loc":{"start":{"line":45,"column":21},"end":{"line":45,"column":43}},"type":"default-arg","locations":[{"start":{"line":45,"column":27},"end":{"line":45,"column":43}}],"line":45},"8":{"loc":{"start":{"line":45,"column":45},"end":{"line":45,"column":64}},"type":"default-arg","locations":[{"start":{"line":45,"column":52},"end":{"line":45,"column":64}}],"line":45},"9":{"loc":{"start":{"line":46,"column":4},"end":{"line":51,"column":5}},"type":"switch","locations":[{"start":{"line":47,"column":8},"end":{"line":48,"column":32}},{"start":{"line":49,"column":8},"end":{"line":50,"column":24}}],"line":46}},"s":{"0":4,"1":7,"2":3,"3":4,"4":0,"5":4,"6":22,"7":2,"8":2,"9":3,"10":2,"11":3,"12":16,"13":4,"14":20,"15":4,"16":16},"f":{"0":7,"1":22,"2":3,"3":3,"4":20},"b":{"0":[0],"1":[0],"2":[3,4,0],"3":[1,3],"4":[9],"5":[1],"6":[2,2,2,16],"7":[11],"8":[1],"9":[4,16]},"_coverageSchema":"332fd63041d2c1bcb487cc26dd0d5f7d97098a6c","hash":"0ae2f10f9da3edcc84c69b2f64231b5944717b42"}
}
