TN:
SF:/Volumes/Transcend/Code/learning-react-practice/src/actions.js
FN:4,(anonymous_0)
FN:14,(anonymous_1)
FN:20,(anonymous_2)
FN:27,(anonymous_3)
FNF:4
FNH:4
FNDA:1,(anonymous_0)
FNDA:2,(anonymous_1)
FNDA:2,(anonymous_2)
FNDA:3,(anonymous_3)
DA:4,3
DA:5,1
DA:14,3
DA:15,2
DA:20,3
DA:21,2
DA:27,3
DA:28,3
LF:8
LH:8
BRDA:27,0,0,1
BRF:1
BRH:1
end_of_record
TN:
SF:/Volumes/Transcend/Code/learning-react-practice/src/constants.js
FNF:0
FNH:0
DA:1,6
LF:1
LH:1
BRF:0
BRH:0
end_of_record
TN:
SF:/Volumes/Transcend/Code/learning-react-practice/src/components/containers.js
FN:16,(anonymous_0)
FN:25,(anonymous_1)
FN:29,(anonymous_2)
FN:38,(anonymous_3)
FN:42,(anonymous_4)
FNF:5
FNH:2
FNDA:0,(anonymous_0)
FNDA:0,(anonymous_1)
FNDA:0,(anonymous_2)
FNDA:2,(anonymous_3)
FNDA:1,(anonymous_4)
DA:14,1
DA:17,0
DA:19,0
DA:24,1
DA:26,0
DA:30,0
DA:32,0
DA:37,1
DA:39,2
DA:43,1
DA:45,1
DA:48,1
LF:12
LH:7
BRF:0
BRH:0
end_of_record
TN:
SF:/Volumes/Transcend/Code/learning-react-practice/src/components/HOC/Expandable.js
FN:3,(anonymous_0)
FN:5,(anonymous_1)
FN:14,(anonymous_2)
FN:19,(anonymous_3)
FNF:4
FNH:4
FNDA:2,(anonymous_0)
FNDA:2,(anonymous_1)
FNDA:1,(anonymous_2)
FNDA:3,(anonymous_3)
DA:3,2
DA:6,2
DA:7,2
DA:10,2
DA:11,2
DA:15,1
DA:16,1
DA:20,3
LF:8
LH:8
BRDA:7,0,0,1
BRDA:7,0,1,1
BRF:2
BRH:2
end_of_record
TN:
SF:/Volumes/Transcend/Code/learning-react-practice/src/components/ui/AddColorForm.js
FN:5,(anonymous_0)
FN:9,(anonymous_1)
FN:19,(anonymous_2)
FN:22,(anonymous_3)
FNF:4
FNH:0
FNDA:0,(anonymous_0)
FNDA:0,(anonymous_1)
FNDA:0,(anonymous_2)
FNDA:0,(anonymous_3)
DA:5,1
DA:9,0
DA:10,0
DA:11,0
DA:12,0
DA:13,0
DA:14,0
DA:17,0
DA:19,0
DA:22,0
DA:30,1
LF:11
LH:2
BRF:0
BRH:0
end_of_record
TN:
SF:/Volumes/Transcend/Code/learning-react-practice/src/components/ui/Color.js
FN:10,(anonymous_0)
FNF:1
FNH:1
FNDA:1,(anonymous_0)
DA:11,1
DA:12,1
DA:13,1
DA:32,1
DA:36,1
DA:45,1
LF:6
LH:6
BRF:0
BRH:0
end_of_record
TN:
SF:/Volumes/Transcend/Code/learning-react-practice/src/components/ui/ColorList.js
FN:5,(anonymous_0)
FN:5,(anonymous_1)
FN:5,(anonymous_2)
FN:9,(anonymous_3)
FN:12,(anonymous_4)
FN:13,(anonymous_5)
FNF:6
FNH:3
FNDA:1,(anonymous_0)
FNDA:0,(anonymous_1)
FNDA:0,(anonymous_2)
FNDA:3,(anonymous_3)
FNDA:1,(anonymous_4)
FNDA:0,(anonymous_5)
DA:5,1
DA:6,1
DA:10,3
DA:12,1
DA:13,0
DA:19,1
LF:6
LH:5
BRDA:5,0,0,0
BRDA:5,1,0,0
BRDA:5,2,0,1
BRDA:7,3,0,0
BRDA:7,3,1,1
BRF:5
BRH:2
end_of_record
TN:
SF:/Volumes/Transcend/Code/learning-react-practice/src/components/ui/SortMenu.js
FN:11,(anonymous_0)
FN:14,(anonymous_1)
FN:18,(anonymous_2)
FNF:3
FNH:0
FNDA:0,(anonymous_0)
FNDA:0,(anonymous_1)
FNDA:0,(anonymous_2)
DA:5,1
DA:11,1
DA:12,0
DA:15,0
DA:19,0
DA:20,0
DA:25,1
LF:7
LH:3
BRDA:17,0,0,0
BRDA:17,0,1,0
BRF:2
BRH:0
end_of_record
TN:
SF:/Volumes/Transcend/Code/learning-react-practice/src/components/ui/Star.js
FN:4,(anonymous_0)
FN:4,(anonymous_1)
FNF:2
FNH:1
FNDA:10,(anonymous_0)
FNDA:0,(anonymous_1)
DA:4,3
DA:5,10
DA:9,3
LF:3
LH:3
BRDA:4,0,0,2
BRDA:4,1,0,2
BRDA:5,2,0,5
BRDA:5,2,1,5
BRF:4
BRH:4
end_of_record
TN:
SF:/Volumes/Transcend/Code/learning-react-practice/src/components/ui/StarRating.js
FN:4,(anonymous_0)
FN:4,(anonymous_1)
FN:6,(anonymous_2)
FN:9,(anonymous_3)
FNF:4
FNH:4
FNDA:1,(anonymous_0)
FNDA:1,(anonymous_1)
FNDA:7,(anonymous_2)
FNDA:1,(anonymous_3)
DA:4,2
DA:5,1
DA:7,7
DA:9,1
DA:15,2
LF:5
LH:5
BRDA:4,0,0,0
BRDA:4,1,0,0
BRDA:4,2,0,1
BRF:3
BRH:1
end_of_record
TN:
SF:/Volumes/Transcend/Code/learning-react-practice/src/components/ui/TimeAgo.js
FN:3,(anonymous_0)
FNF:1
FNH:0
FNDA:0,(anonymous_0)
DA:3,1
DA:4,0
LF:2
LH:1
BRF:0
BRH:0
end_of_record
TN:
SF:/Volumes/Transcend/Code/learning-react-practice/src/lib/array-helpers.js
FN:1,(anonymous_0)
FN:4,(anonymous_1)
FN:6,(anonymous_2)
FN:8,(anonymous_3)
FN:12,(anonymous_4)
FNF:5
FNH:3
FNDA:2,(anonymous_0)
FNDA:6,(anonymous_1)
FNDA:0,(anonymous_2)
FNDA:0,(anonymous_3)
FNDA:2,(anonymous_4)
DA:1,1
DA:2,2
DA:4,6
DA:6,0
DA:8,0
DA:12,1
DA:13,2
LF:7
LH:5
BRDA:2,0,0,2
BRDA:2,0,1,0
BRDA:2,0,2,0
BRDA:6,1,0,0
BRDA:6,1,1,0
BRDA:13,2,0,0
BRDA:13,2,1,2
BRDA:15,3,0,0
BRDA:15,3,1,2
BRF:9
BRH:3
end_of_record
TN:
SF:/Volumes/Transcend/Code/learning-react-practice/src/lib/time-helpers.js
FN:13,(anonymous_0)
FN:15,(anonymous_1)
FN:17,(anonymous_2)
FN:19,(anonymous_3)
FN:21,(anonymous_4)
FN:24,(anonymous_5)
FN:29,(anonymous_6)
FN:32,(anonymous_7)
FN:37,(anonymous_8)
FN:42,(anonymous_9)
FN:45,(anonymous_10)
FN:48,(anonymous_11)
FN:53,(anonymous_12)
FNF:13
FNH:0
FNDA:0,(anonymous_0)
FNDA:0,(anonymous_1)
FNDA:0,(anonymous_2)
FNDA:0,(anonymous_3)
FNDA:0,(anonymous_4)
FNDA:0,(anonymous_5)
FNDA:0,(anonymous_6)
FNDA:0,(anonymous_7)
FNDA:0,(anonymous_8)
FNDA:0,(anonymous_9)
FNDA:0,(anonymous_10)
FNDA:0,(anonymous_11)
FNDA:0,(anonymous_12)
DA:1,1
DA:2,1
DA:3,1
DA:4,1
DA:5,1
DA:6,1
DA:13,1
DA:15,1
DA:17,1
DA:19,1
DA:21,1
DA:22,0
DA:24,1
DA:25,0
DA:29,1
DA:30,0
DA:32,1
DA:33,0
DA:37,1
DA:38,0
DA:42,1
DA:43,0
DA:45,0
DA:48,1
DA:49,0
DA:53,1
DA:54,0
LF:27
LH:18
BRDA:22,0,0,0
BRDA:22,0,1,0
BRDA:25,1,0,0
BRDA:25,1,1,0
BRDA:33,2,0,0
BRDA:33,2,1,0
BRDA:38,3,0,0
BRDA:38,3,1,0
BRDA:49,4,0,0
BRDA:49,4,1,0
BRDA:53,5,0,0
BRF:11
BRH:0
end_of_record
TN:
SF:/Volumes/Transcend/Code/learning-react-practice/src/store/index.js
FN:7,(anonymous_0)
FN:7,(anonymous_1)
FN:7,(anonymous_2)
FN:17,(anonymous_3)
FN:17,(anonymous_4)
FN:17,(anonymous_5)
FN:23,(anonymous_6)
FNF:7
FNH:7
FNDA:4,(anonymous_0)
FNDA:4,(anonymous_1)
FNDA:6,(anonymous_2)
FNDA:4,(anonymous_3)
FNDA:4,(anonymous_4)
FNDA:6,(anonymous_5)
FNDA:4,(anonymous_6)
DA:7,4
DA:9,6
DA:10,6
DA:11,6
DA:12,6
DA:13,6
DA:14,6
DA:17,4
DA:18,6
DA:19,6
DA:20,6
DA:23,1
DA:24,4
LF:13
LH:13
BRDA:23,0,0,1
BRDA:26,1,0,2
BRDA:26,1,1,2
BRF:3
BRH:3
end_of_record
TN:
SF:/Volumes/Transcend/Code/learning-react-practice/src/store/reducers.js
FN:4,(anonymous_0)
FN:25,(anonymous_1)
FN:34,(anonymous_2)
FN:38,(anonymous_3)
FN:45,(anonymous_4)
FNF:5
FNH:5
FNDA:7,(anonymous_0)
FNDA:22,(anonymous_1)
FNDA:3,(anonymous_2)
FNDA:3,(anonymous_3)
FNDA:20,(anonymous_4)
DA:4,4
DA:5,7
DA:7,3
DA:15,4
DA:21,0
DA:25,4
DA:26,22
DA:28,2
DA:33,2
DA:34,3
DA:37,2
DA:38,3
DA:41,16
DA:45,4
DA:46,20
DA:48,4
DA:50,16
LF:17
LH:16
BRDA:4,0,0,0
BRDA:4,1,0,0
BRDA:5,2,0,3
BRDA:5,2,1,4
BRDA:5,2,2,0
BRDA:15,3,0,1
BRDA:15,3,1,3
BRDA:25,4,0,9
BRDA:25,5,0,1
BRDA:26,6,0,2
BRDA:26,6,1,2
BRDA:26,6,2,2
BRDA:26,6,3,16
BRDA:45,7,0,11
BRDA:45,8,0,1
BRDA:46,9,0,4
BRDA:46,9,1,16
BRF:17
BRH:14
end_of_record
